<?xml version="1.0" encoding="UTF-8"?>
<!-- Generated by org.testng.reporters.JUnitReportReporter -->
<testsuite hostname="WINDOWS-HIDHT5B" failures="0" tests="6" name="testhomepage.HomepageTest" time="55.192" errors="0" timestamp="2020-03-10T23:35:34 EDT" skipped="0">
  <testcase classname="testhomepage.HomepageTest" name="theCutTabs" time="10.555"/>
  <testcase classname="testhomepage.HomepageTest" name="intelligencerTabs" time="8.943"/>
  <testcase classname="testhomepage.HomepageTest" name="vultureTabs" time="8.284"/>
  <testcase classname="testhomepage.HomepageTest" name="strategistTab" time="9.511"/>
  <testcase classname="testhomepage.HomepageTest" name="grubStreetTab" time="8.269"/>
  <testcase classname="testhomepage.HomepageTest" name="clickOnBurgerIcon" time="9.630"/>
</testsuite> <!-- testhomepage.HomepageTest -->
