<?xml version="1.0" encoding="UTF-8"?>
<!-- Generated by org.testng.reporters.JUnitReportReporter -->
<testsuite hostname="WINDOWS-HIDHT5B" failures="0" tests="2" name="testgiftsubscriptions.TestGiftSubscription" time="88.729" errors="0" timestamp="2020-03-27T21:34:56 EDT" skipped="0">
  <testcase classname="testgiftsubscriptions.TestGiftSubscription" name="testClickOnNotAGift" time="36.235"/>
  <testcase classname="testgiftsubscriptions.TestGiftSubscription" name="testSubscribeToMagazineViaNotAGift" time="52.494"/>
</testsuite> <!-- testgiftsubscriptions.TestGiftSubscription -->
