<?xml version="1.0" encoding="UTF-8"?>
<!-- Generated by org.testng.reporters.JUnitReportReporter -->
<testsuite hostname="WINDOWS-HIDHT5B" failures="0" tests="7" name="testsignup.SignUpTest" time="96.241" errors="0" timestamp="2020-03-10T23:35:34 EDT" skipped="0">
  <testcase classname="testsignup.SignUpTest" name="testThatSubscribeBtnWorks" time="14.788"/>
  <testcase classname="testsignup.SignUpTest" name="testThatUserCannotSignInWithoutPassword" time="12.822"/>
  <testcase classname="testsignup.SignUpTest" name="testThatYouCanSignUpWithValidEmail" time="13.295"/>
  <testcase classname="testsignup.SignUpTest" name="testThatUserCanSignInWithValidCredentials" time="11.972"/>
  <testcase classname="testsignup.SignUpTest" name="testThatUserCannotSignInWithoutEmail" time="12.093"/>
  <testcase classname="testsignup.SignUpTest" name="testThatUserCannotSignInWithInvalidCredentials" time="13.620"/>
  <testcase classname="testsignup.SignUpTest" name="testThatYouCannotSignUpWithAnInvalidEmail" time="17.651"/>
</testsuite> <!-- testsignup.SignUpTest -->
