<?xml version="1.0" encoding="UTF-8"?>
<!-- Generated by org.testng.reporters.JUnitReportReporter -->
<testsuite hostname="WINDOWS-HIDHT5B" failures="0" tests="15" name="testdropdownmenu.TestDropDownMenuContinued" time="167.712" errors="0" timestamp="2020-03-10T23:35:34 EDT" skipped="0">
  <testcase classname="testdropdownmenu.TestDropDownMenuContinued" name="CrosswordIconHover" time="12.310"/>
  <testcase classname="testdropdownmenu.TestDropDownMenuContinued" name="RestaurantAndBarsIconHover" time="9.922"/>
  <testcase classname="testdropdownmenu.TestDropDownMenuContinued" name="StreamIconHover" time="10.865"/>
  <testcase classname="testdropdownmenu.TestDropDownMenuContinued" name="VideosIconHover" time="10.767"/>
  <testcase classname="testdropdownmenu.TestDropDownMenuContinued" name="LegalLeadersIconHover" time="11.258"/>
  <testcase classname="testdropdownmenu.TestDropDownMenuContinued" name="ThousandBestIconHover" time="9.922"/>
  <testcase classname="testdropdownmenu.TestDropDownMenuContinued" name="BestOfNYIconHover" time="15.608"/>
  <testcase classname="testdropdownmenu.TestDropDownMenuContinued" name="GiftSubscriptionIconHover" time="11.960"/>
  <testcase classname="testdropdownmenu.TestDropDownMenuContinued" name="GiftGuidesIconHover" time="11.584"/>
  <testcase classname="testdropdownmenu.TestDropDownMenuContinued" name="AboutIconHover" time="9.590"/>
  <testcase classname="testdropdownmenu.TestDropDownMenuContinued" name="CurrentIssueIconHover" time="10.313"/>
  <testcase classname="testdropdownmenu.TestDropDownMenuContinued" name="BestDoctorsIconHover" time="9.923"/>
  <testcase classname="testdropdownmenu.TestDropDownMenuContinued" name="SalesIconHover" time="13.459"/>
  <testcase classname="testdropdownmenu.TestDropDownMenuContinued" name="TheUrbanistIconHover" time="8.974"/>
  <testcase classname="testdropdownmenu.TestDropDownMenuContinued" name="NewslettersIconHover" time="11.257"/>
</testsuite> <!-- testdropdownmenu.TestDropDownMenuContinued -->
