<?xml version="1.0" encoding="UTF-8"?>
<!-- Generated by org.testng.reporters.JUnitReportReporter -->
<testsuite hostname="WINDOWS-HIDHT5B" failures="0" tests="10" name="testdropdownmenu.TestDropDown3" time="227.517" errors="0" timestamp="2020-03-10T23:35:34 EDT" skipped="0">
  <testcase classname="testdropdownmenu.TestDropDown3" name="testClickOnAbout" time="24.717"/>
  <testcase classname="testdropdownmenu.TestDropDown3" name="testClickOnCurrentIssue" time="26.784"/>
  <testcase classname="testdropdownmenu.TestDropDown3" name="testClickOnLegalLeaders" time="22.566"/>
  <testcase classname="testdropdownmenu.TestDropDown3" name="testClickOnVideos" time="21.400"/>
  <testcase classname="testdropdownmenu.TestDropDown3" name="testClickOnCrossword" time="23.782"/>
  <testcase classname="testdropdownmenu.TestDropDown3" name="testClickOnGiftSubscription" time="24.046"/>
  <testcase classname="testdropdownmenu.TestDropDown3" name="testClickOnBestOfNewYork" time="21.132"/>
  <testcase classname="testdropdownmenu.TestDropDown3" name="testClickOnNewsletters" time="20.081"/>
  <testcase classname="testdropdownmenu.TestDropDown3" name="testClickOnTheUrbanist" time="21.453"/>
  <testcase classname="testdropdownmenu.TestDropDown3" name="testClickOnBestDoctors" time="21.556"/>
</testsuite> <!-- testdropdownmenu.TestDropDown3 -->
