<?xml version="1.0" encoding="UTF-8"?>
<!-- Generated by org.testng.reporters.JUnitReportReporter -->
<testsuite hostname="WINDOWS-HIDHT5B" failures="0" tests="6" name="testhomepage.HomepageTest2" time="63.693" errors="0" timestamp="2020-03-10T23:35:34 EDT" skipped="0">
  <testcase classname="testhomepage.HomepageTest2" name="strategistHover" time="10.350"/>
  <testcase classname="testhomepage.HomepageTest2" name="burgerIconHover" time="10.045"/>
  <testcase classname="testhomepage.HomepageTest2" name="theCutHover" time="10.922"/>
  <testcase classname="testhomepage.HomepageTest2" name="intelligencerHover" time="11.342"/>
  <testcase classname="testhomepage.HomepageTest2" name="vultureHover" time="11.477"/>
  <testcase classname="testhomepage.HomepageTest2" name="grubStreetHover" time="9.557"/>
</testsuite> <!-- testhomepage.HomepageTest2 -->
