<?xml version="1.0" encoding="UTF-8"?>
<!-- Generated by org.testng.reporters.JUnitReportReporter -->
<testsuite hostname="WINDOWS-HIDHT5B" failures="0" tests="1" name="keywordtests.TestKeyword" time="9.856" errors="0" timestamp="2020-03-10T23:35:34 EDT" skipped="0">
  <testcase classname="keywordtests.TestKeyword" name="testKeyWord" time="9.856"/>
</testsuite> <!-- keywordtests.TestKeyword -->
