<?xml version="1.0" encoding="UTF-8"?>
<!-- Generated by org.testng.reporters.JUnitReportReporter -->
<testsuite hostname="WINDOWS-HIDHT5B" failures="0" tests="2" name="testgiftsubscriptions.TestGiftSubscription" time="82.367" errors="0" timestamp="2020-03-10T23:35:34 EDT" skipped="0">
  <testcase classname="testgiftsubscriptions.TestGiftSubscription" name="testSubscribeToMagazineViaNotAGift" time="49.100"/>
  <testcase classname="testgiftsubscriptions.TestGiftSubscription" name="testClickOnNotAGift" time="33.267"/>
</testsuite> <!-- testgiftsubscriptions.TestGiftSubscription -->
