<?xml version="1.0" encoding="UTF-8"?>
<!-- Generated by org.testng.reporters.JUnitReportReporter -->
<testsuite hostname="WINDOWS-HIDHT5B" failures="0" tests="5" name="testsignup.SignUpTest" time="60.597" errors="0" timestamp="2020-03-27T22:28:50 EDT" skipped="0">
  <testcase classname="testsignup.SignUpTest" name="testThatSubscribeBtnWorks" time="14.128"/>
  <testcase classname="testsignup.SignUpTest" name="testThatUserCannotSignInWithoutEmail" time="11.047"/>
  <testcase classname="testsignup.SignUpTest" name="testThatUserCannotSignInWithInvalidCredentials" time="11.879"/>
  <testcase classname="testsignup.SignUpTest" name="testThatUserCannotSignInWithoutPassword" time="10.985"/>
  <testcase classname="testsignup.SignUpTest" name="testThatUserCanSignInWithValidCredentials" time="12.558"/>
</testsuite> <!-- testsignup.SignUpTest -->
