<?xml version="1.0" encoding="UTF-8"?>
<!-- Generated by org.testng.reporters.JUnitReportReporter -->
<testsuite hostname="WINDOWS-HIDHT5B" failures="0" tests="17" name="testdropdownmenu.TestDropDown2" time="385.295" errors="0" timestamp="2020-03-10T23:35:34 EDT" skipped="0">
  <testcase classname="testdropdownmenu.TestDropDown2" name="testClickOnKids" time="23.730"/>
  <testcase classname="testdropdownmenu.TestDropDown2" name="testClickOnSales" time="22.548"/>
  <testcase classname="testdropdownmenu.TestDropDown2" name="testClickOnGiftGuides" time="26.034"/>
  <testcase classname="testdropdownmenu.TestDropDown2" name="testClickOnFashion" time="20.947"/>
  <testcase classname="testdropdownmenu.TestDropDown2" name="testClickOnDining" time="23.900"/>
  <testcase classname="testdropdownmenu.TestDropDown2" name="testClickOnCulture" time="21.152"/>
  <testcase classname="testdropdownmenu.TestDropDown2" name="testClickOnThousandBest" time="21.509"/>
  <testcase classname="testdropdownmenu.TestDropDown2" name="testClickOnWeddings" time="27.103"/>
  <testcase classname="testdropdownmenu.TestDropDown2" name="testClickOnTravel" time="25.858"/>
  <testcase classname="testdropdownmenu.TestDropDown2" name="testClickOnTV" time="24.170"/>
  <testcase classname="testdropdownmenu.TestDropDown2" name="testClickOnRestaurantsAndBars" time="20.781"/>
  <testcase classname="testdropdownmenu.TestDropDown2" name="testClickOnElectronics" time="22.099"/>
  <testcase classname="testdropdownmenu.TestDropDown2" name="testClickOnHome" time="21.366"/>
  <testcase classname="testdropdownmenu.TestDropDown2" name="testClickOnPower" time="21.108"/>
  <testcase classname="testdropdownmenu.TestDropDown2" name="testClickOnDesignHunting" time="21.130"/>
  <testcase classname="testdropdownmenu.TestDropDown2" name="testClickOnBeauty" time="20.328"/>
  <testcase classname="testdropdownmenu.TestDropDown2" name="testClickOnFitness" time="21.532"/>
</testsuite> <!-- testdropdownmenu.TestDropDown2 -->
