<?xml version="1.0" encoding="UTF-8"?>
<!-- Generated by org.testng.reporters.JUnitReportReporter -->
<testsuite hostname="WINDOWS-HIDHT5B" failures="0" tests="9" name="testdropdownmenu.DropDownMenuTest" time="158.263" errors="0" timestamp="2020-03-10T23:35:34 EDT" skipped="0">
  <testcase classname="testdropdownmenu.DropDownMenuTest" name="testThatSearchBarWorks" time="11.828"/>
  <testcase classname="testdropdownmenu.DropDownMenuTest" name="testThatYouCanClearSearchBar" time="12.018"/>
  <testcase classname="testdropdownmenu.DropDownMenuTest" name="testClickOnIntelligencer" time="21.672"/>
  <testcase classname="testdropdownmenu.DropDownMenuTest" name="testClickOnTechnology" time="21.005"/>
  <testcase classname="testdropdownmenu.DropDownMenuTest" name="testClickOnPolitics" time="22.875"/>
  <testcase classname="testdropdownmenu.DropDownMenuTest" name="testThatYouCannotSearchWithEmptyField" time="10.581"/>
  <testcase classname="testdropdownmenu.DropDownMenuTest" name="testClickOnIdeas" time="22.856"/>
  <testcase classname="testdropdownmenu.DropDownMenuTest" name="testClickOnBusiness" time="24.557"/>
  <testcase classname="testdropdownmenu.DropDownMenuTest" name="testGetTextFromDropDownMenu" time="10.871"/>
</testsuite> <!-- testdropdownmenu.DropDownMenuTest -->
