<?xml version="1.0" encoding="UTF-8"?>
<!-- Generated by org.testng.reporters.JUnitReportReporter -->
<testsuite hostname="WINDOWS-HIDHT5B" failures="0" tests="30" name="testdropdownmenu.TestDropDownMenu" time="315.738" errors="0" timestamp="2020-03-10T23:35:34 EDT" skipped="0">
  <testcase classname="testdropdownmenu.TestDropDownMenu" name="SelfIconHover" time="14.185"/>
  <testcase classname="testdropdownmenu.TestDropDownMenu" name="TVIconHover" time="9.933"/>
  <testcase classname="testdropdownmenu.TestDropDownMenu" name="WeddingsIconHover" time="8.620"/>
  <testcase classname="testdropdownmenu.TestDropDownMenu" name="IdeasIconHover" time="10.557"/>
  <testcase classname="testdropdownmenu.TestDropDownMenu" name="BusinessIconHover" time="9.466"/>
  <testcase classname="testdropdownmenu.TestDropDownMenu" name="FitnessIconHover" time="9.684"/>
  <testcase classname="testdropdownmenu.TestDropDownMenu" name="BeautyIconHover" time="9.994"/>
  <testcase classname="testdropdownmenu.TestDropDownMenu" name="TheaterIconHover" time="9.357"/>
  <testcase classname="testdropdownmenu.TestDropDownMenu" name="GiftGuidesIconHover" time="14.888"/>
  <testcase classname="testdropdownmenu.TestDropDownMenu" name="StreamIconHover" time="9.365"/>
  <testcase classname="testdropdownmenu.TestDropDownMenu" name="ComedyIconHover" time="12.411"/>
  <testcase classname="testdropdownmenu.TestDropDownMenu" name="TechnologyIconHover" time="9.312"/>
  <testcase classname="testdropdownmenu.TestDropDownMenu" name="MoviesIconHover" time="9.342"/>
  <testcase classname="testdropdownmenu.TestDropDownMenu" name="ElectronicsIconHover" time="9.153"/>
  <testcase classname="testdropdownmenu.TestDropDownMenu" name="PowerIconHover" time="11.561"/>
  <testcase classname="testdropdownmenu.TestDropDownMenu" name="MusicIconHover" time="12.126"/>
  <testcase classname="testdropdownmenu.TestDropDownMenu" name="FashionIconHover" time="9.597"/>
  <testcase classname="testdropdownmenu.TestDropDownMenu" name="PoliticsIconHover" time="8.756"/>
  <testcase classname="testdropdownmenu.TestDropDownMenu" name="HomeIconHover" time="9.777"/>
  <testcase classname="testdropdownmenu.TestDropDownMenu" name="ThousandBestIconHover" time="9.957"/>
  <testcase classname="testdropdownmenu.TestDropDownMenu" name="RestaurantAndBarsIconHover" time="10.275"/>
  <testcase classname="testdropdownmenu.TestDropDownMenu" name="ArtIconHover" time="10.521"/>
  <testcase classname="testdropdownmenu.TestDropDownMenu" name="DesignIconHover" time="11.818"/>
  <testcase classname="testdropdownmenu.TestDropDownMenu" name="SalesIconHover" time="11.318"/>
  <testcase classname="testdropdownmenu.TestDropDownMenu" name="CultureIconHover" time="10.922"/>
  <testcase classname="testdropdownmenu.TestDropDownMenu" name="TravelIconHover" time="10.095"/>
  <testcase classname="testdropdownmenu.TestDropDownMenu" name="DiningIconHover" time="10.592"/>
  <testcase classname="testdropdownmenu.TestDropDownMenu" name="StyleIconHover" time="12.016"/>
  <testcase classname="testdropdownmenu.TestDropDownMenu" name="KidsIconHover" time="10.753"/>
  <testcase classname="testdropdownmenu.TestDropDownMenu" name="BooksIconHover" time="9.387"/>
</testsuite> <!-- testdropdownmenu.TestDropDownMenu -->
