<?xml version="1.0" encoding="UTF-8"?>
<!-- Generated by org.testng.reporters.JUnitReportReporter -->
<testsuite hostname="WINDOWS-HIDHT5B" failures="0" tests="18" name="testdropdownmenu.TestDropDown" time="406.889" errors="0" timestamp="2020-03-10T23:35:34 EDT" skipped="0">
  <testcase classname="testdropdownmenu.TestDropDown" name="testClickOnMovies" time="24.885"/>
  <testcase classname="testdropdownmenu.TestDropDown" name="testClickOnKids" time="22.510"/>
  <testcase classname="testdropdownmenu.TestDropDown" name="testClickOnStream" time="21.910"/>
  <testcase classname="testdropdownmenu.TestDropDown" name="testClickOnTheater" time="19.835"/>
  <testcase classname="testdropdownmenu.TestDropDown" name="testClickOnPower" time="24.892"/>
  <testcase classname="testdropdownmenu.TestDropDown" name="testClickOnElectronics" time="19.836"/>
  <testcase classname="testdropdownmenu.TestDropDown" name="testClickOnCulture" time="24.604"/>
  <testcase classname="testdropdownmenu.TestDropDown" name="testClickOnArt" time="21.385"/>
  <testcase classname="testdropdownmenu.TestDropDown" name="testClickOnWeddings" time="19.851"/>
  <testcase classname="testdropdownmenu.TestDropDown" name="testClickOnTravel" time="24.305"/>
  <testcase classname="testdropdownmenu.TestDropDown" name="testClickOnSelf" time="24.318"/>
  <testcase classname="testdropdownmenu.TestDropDown" name="testClickOnBooks" time="22.207"/>
  <testcase classname="testdropdownmenu.TestDropDown" name="testClickOnDesignHunting" time="21.099"/>
  <testcase classname="testdropdownmenu.TestDropDown" name="testClickOnMusic" time="22.999"/>
  <testcase classname="testdropdownmenu.TestDropDown" name="testClickOnStyle" time="22.188"/>
  <testcase classname="testdropdownmenu.TestDropDown" name="testClickOnFitness" time="24.858"/>
  <testcase classname="testdropdownmenu.TestDropDown" name="testClickOnComedy" time="24.122"/>
  <testcase classname="testdropdownmenu.TestDropDown" name="testClickOnTV" time="21.085"/>
</testsuite> <!-- testdropdownmenu.TestDropDown -->
