<?xml version="1.0" encoding="UTF-8"?>
<!-- Generated by org.testng.reporters.JUnitReportReporter -->
<testsuite hostname="WINDOWS-HIDHT5B" failures="0" tests="10" name="tests.StaplesTest" time="145.348" errors="0" timestamp="2020-03-27T21:29:02 EDT" skipped="0">
  <testcase classname="tests.StaplesTest" name="testHoverOnSignIn" time="11.117"/>
  <testcase classname="tests.StaplesTest" name="testClickOnServicesAndSolutions" time="11.479"/>
  <testcase classname="tests.StaplesTest" name="testSearchBar" time="11.627"/>
  <testcase classname="tests.StaplesTest" name="testClickOnMembership" time="14.588"/>
  <testcase classname="tests.StaplesTest" name="testClickOnContinueShopping" time="31.786"/>
  <testcase classname="tests.StaplesTest" name="testHoverOnReorderBtn" time="11.093"/>
  <testcase classname="tests.StaplesTest" name="testClickOnDeals" time="13.514"/>
  <testcase classname="tests.StaplesTest" name="testClickOnProducts" time="13.923"/>
  <testcase classname="tests.StaplesTest" name="testClickOnCart" time="16.121"/>
  <testcase classname="tests.StaplesTest" name="testHoverOnHelp" time="10.100"/>
</testsuite> <!-- tests.StaplesTest -->
